<?xml version="1.0" encoding="UTF-8"?>
<testng-results ignored="0" total="1" passed="1" failed="0" skipped="0">
  <reporter-output>
  </reporter-output>
  <suite started-at="2024-10-18T14:28:55 IST" name="master" finished-at="2024-10-18T14:29:05 IST" duration-ms="9950">
    <groups>
      <group name="Master">
        <method signature="TC_02_LoginPage.verifyloginpage()[pri:0, instance:testCases.TC_02_LoginPage@16293aa2]" name="verifyloginpage" class="testCases.TC_02_LoginPage"/>
      </group> <!-- Master -->
      <group name="Regression">
        <method signature="TC_02_LoginPage.verifyloginpage()[pri:0, instance:testCases.TC_02_LoginPage@16293aa2]" name="verifyloginpage" class="testCases.TC_02_LoginPage"/>
      </group> <!-- Regression -->
    </groups>
    <test started-at="2024-10-18T14:28:55 IST" name="Test" finished-at="2024-10-18T14:29:05 IST" duration-ms="9950">
      <class name="testCases.TC_02_LoginPage">
        <test-method is-config="true" signature="setup(java.lang.String,java.lang.String)[pri:0, instance:testCases.TC_02_LoginPage@16293aa2]" started-at="2024-10-18T14:28:55 IST" name="setup" finished-at="2024-10-18T14:29:02 IST" duration-ms="7063" status="PASS">
          <params>
            <param index="0">
              <value>
                <![CDATA[Windows]]>
              </value>
            </param>
            <param index="1">
              <value>
                <![CDATA[chrome]]>
              </value>
            </param>
          </params>
          <reporter-output>
          </reporter-output>
        </test-method> <!-- setup -->
        <test-method signature="verifyloginpage()[pri:0, instance:testCases.TC_02_LoginPage@16293aa2]" started-at="2024-10-18T14:29:02 IST" name="verifyloginpage" finished-at="2024-10-18T14:29:05 IST" duration-ms="2381" status="PASS">
          <reporter-output>
          </reporter-output>
        </test-method> <!-- verifyloginpage -->
        <test-method is-config="true" signature="teardown()[pri:0, instance:testCases.TC_02_LoginPage@16293aa2]" started-at="2024-10-18T14:29:05 IST" name="teardown" finished-at="2024-10-18T14:29:05 IST" duration-ms="419" status="PASS">
          <reporter-output>
          </reporter-output>
        </test-method> <!-- teardown -->
      </class> <!-- testCases.TC_02_LoginPage -->
    </test> <!-- Test -->
  </suite> <!-- master -->
</testng-results>
