<?xml version="1.0" encoding="UTF-8"?>
<testng-results ignored="0" total="1" passed="1" failed="0" skipped="0">
  <reporter-output>
  </reporter-output>
  <suite started-at="2024-09-27T23:06:26 IST" name="master" finished-at="2024-09-27T23:06:33 IST" duration-ms="7750">
    <groups>
    </groups>
    <test started-at="2024-09-27T23:06:26 IST" name="Test" finished-at="2024-09-27T23:06:33 IST" duration-ms="7750">
      <class name="testCases.TC_02_LoginPage">
        <test-method is-config="true" signature="setup(java.lang.String,java.lang.String)[pri:0, instance:testCases.TC_02_LoginPage@6a78afa0]" started-at="2024-09-27T23:06:26 IST" name="setup" finished-at="2024-09-27T23:06:31 IST" duration-ms="5115" status="PASS">
          <params>
            <param index="0">
              <value>
                <![CDATA[Windows]]>
              </value>
            </param>
            <param index="1">
              <value>
                <![CDATA[chrome]]>
              </value>
            </param>
          </params>
          <reporter-output>
          </reporter-output>
        </test-method> <!-- setup -->
        <test-method signature="verifyloginpage()[pri:0, instance:testCases.TC_02_LoginPage@6a78afa0]" started-at="2024-09-27T23:06:31 IST" name="verifyloginpage" finished-at="2024-09-27T23:06:33 IST" duration-ms="2250" status="PASS">
          <reporter-output>
          </reporter-output>
        </test-method> <!-- verifyloginpage -->
        <test-method is-config="true" signature="teardown()[pri:0, instance:testCases.TC_02_LoginPage@6a78afa0]" started-at="2024-09-27T23:06:33 IST" name="teardown" finished-at="2024-09-27T23:06:33 IST" duration-ms="312" status="PASS">
          <reporter-output>
          </reporter-output>
        </test-method> <!-- teardown -->
      </class> <!-- testCases.TC_02_LoginPage -->
    </test> <!-- Test -->
  </suite> <!-- master -->
</testng-results>
